<?xml version="1.0" encoding="UTF-8"?>
<!-- Generated by org.testng.reporters.JUnitReportReporter -->
<testsuite hostname="MittalComputer" failures="0" tests="2" name="com.crm.qa.testcases.LoginPageTest" time="16.515" errors="0" timestamp="2020-10-30T15:19:29 EDT" skipped="0">
  <testcase classname="com.crm.qa.testcases.LoginPageTest" name="loginPageTitleTest" time="8.234"/>
  <system-out/>
  <testcase classname="com.crm.qa.testcases.LoginPageTest" name="loginTest" time="8.281"/>
  <system-out/>
</testsuite> <!-- com.crm.qa.testcases.LoginPageTest -->
