<?xml version="1.0" encoding="UTF-8"?>
<!-- Generated by org.testng.reporters.JUnitReportReporter -->
<testsuite skipped="0" hostname="MittalComputer" name="com.crm.qa.testcases.HomePageTest" tests="3" failures="0" timestamp="2020-12-10T18:28:40 EST" time="36.949" errors="0">
  <testcase name="verifyHomePageTitleTest" time="11.385" classname="com.crm.qa.testcases.HomePageTest"/>
  <system-out/>
  <testcase name="verifyUserNameTest" time="12.336" classname="com.crm.qa.testcases.HomePageTest"/>
  <system-out/>
  <testcase name="verifycontactsLinkTest" time="13.228" classname="com.crm.qa.testcases.HomePageTest"/>
  <system-out/>
</testsuite> <!-- com.crm.qa.testcases.HomePageTest -->
