<?xml version="1.0" encoding="UTF-8"?>
<!-- Generated by org.testng.reporters.JUnitReportReporter -->
<testsuite skipped="0" hostname="MittalComputer" name="com.crm.qa.testcases.HomePageTest" tests="3" failures="0" timestamp="2020-10-07T18:47:01 EDT" time="40.558" errors="0">
  <testcase name="verifyHomePageTitleTest" time="18.737" classname="com.crm.qa.testcases.HomePageTest"/>
  <system-out/>
  <testcase name="verifyUserNameTest" time="11.267" classname="com.crm.qa.testcases.HomePageTest"/>
  <system-out/>
  <testcase name="verifycontactsLinkTest" time="10.554" classname="com.crm.qa.testcases.HomePageTest"/>
  <system-out/>
</testsuite> <!-- com.crm.qa.testcases.HomePageTest -->
