<?xml version="1.0" encoding="UTF-8"?>
<!-- Generated by org.testng.reporters.JUnitReportReporter -->
<testsuite hostname="MittalComputer" failures="0" tests="1" name="com.crm.qa.testcases.HomePageTest" time="10.772" errors="0" timestamp="2020-11-02T18:41:17 EST" skipped="0">
  <testcase classname="com.crm.qa.testcases.HomePageTest" name="verifyUserNameTest" time="10.772"/>
  <system-out/>
</testsuite> <!-- com.crm.qa.testcases.HomePageTest -->
