<?xml version="1.0" encoding="UTF-8"?>
<!-- Generated by org.testng.reporters.JUnitReportReporter -->
<testsuite skipped="0" hostname="MittalComputer" name="com.crm.qa.testcases.HomePageTest" tests="3" failures="0" timestamp="2020-10-01T14:11:34 EDT" time="37.997" errors="0">
  <testcase name="verifyHomePageTitleTest" time="14.235" classname="com.crm.qa.testcases.HomePageTest"/>
  <system-out/>
  <testcase name="verifyUserNameTest" time="12.352" classname="com.crm.qa.testcases.HomePageTest"/>
  <system-out/>
  <testcase name="verifycontactsLinkTest" time="11.410" classname="com.crm.qa.testcases.HomePageTest"/>
  <system-out/>
</testsuite> <!-- com.crm.qa.testcases.HomePageTest -->
