<?xml version="1.0" encoding="UTF-8"?>
<!-- Generated by org.testng.reporters.JUnitReportReporter -->
<testsuite skipped="0" hostname="MittalComputer" name="com.crm.qa.testcases.HomePageTest" tests="3" failures="0" timestamp="2020-06-26T15:16:39 EDT" time="40.986" errors="0">
  <testcase name="verifyHomePageTitleTest" time="12.881" classname="com.crm.qa.testcases.HomePageTest"/>
  <system-out/>
  <testcase name="verifyUserNameTest" time="16.245" classname="com.crm.qa.testcases.HomePageTest"/>
  <system-out/>
  <testcase name="verifycontactsLinkTest" time="11.860" classname="com.crm.qa.testcases.HomePageTest"/>
  <system-out/>
</testsuite> <!-- com.crm.qa.testcases.HomePageTest -->
