<?xml version="1.0" encoding="UTF-8"?>
<!-- Generated by org.testng.reporters.JUnitReportReporter -->
<testsuite skipped="0" hostname="MittalComputer" name="com.crm.qa.testcases.HomePageTest" tests="3" failures="0" timestamp="2020-08-27T17:37:26 EDT" time="33.695" errors="0">
  <testcase name="verifyHomePageTitleTest" time="10.394" classname="com.crm.qa.testcases.HomePageTest"/>
  <system-out/>
  <testcase name="verifyUserNameTest" time="11.295" classname="com.crm.qa.testcases.HomePageTest"/>
  <system-out/>
  <testcase name="verifycontactsLinkTest" time="12.006" classname="com.crm.qa.testcases.HomePageTest"/>
  <system-out/>
</testsuite> <!-- com.crm.qa.testcases.HomePageTest -->
